<?xml version="1.0" encoding="UTF-8"?>
<testng-results ignored="0" total="1" passed="1" failed="0" skipped="0">
  <reporter-output>
  </reporter-output>
  <suite started-at="2021-08-30T15:28:37 IST" name="Automation Test Report" finished-at="2021-08-30T15:29:30 IST" duration-ms="53511">
    <groups>
    </groups>
    <test started-at="2021-08-30T15:28:37 IST" name="Automation Test Report" finished-at="2021-08-30T15:29:30 IST" duration-ms="53511">
      <class name="TestRunner.TestRunner">
        <test-method is-config="true" signature="setUpClass()[pri:0, instance:TestRunner.TestRunner@53aac487]" started-at="2021-08-30T15:28:37 IST" name="setUpClass" finished-at="2021-08-30T15:28:37 IST" duration-ms="58" status="PASS">
          <reporter-output>
          </reporter-output>
        </test-method> <!-- setUpClass -->
        <test-method signature="feature(cucumber.api.testng.PickleEventWrapper,cucumber.api.testng.CucumberFeatureWrapper)[pri:0, instance:TestRunner.TestRunner@53aac487]" started-at="2021-08-30T15:28:37 IST" name="feature" data-provider="features" finished-at="2021-08-30T15:29:30 IST" duration-ms="53280" status="PASS">
          <params>
            <param index="0">
              <value>
                <![CDATA["www.saucedemo.com Automation"]]>
              </value>
            </param>
            <param index="1">
              <value>
                <![CDATA["www.saucedemo.com Automation"]]>
              </value>
            </param>
          </params>
          <reporter-output>
          </reporter-output>
        </test-method> <!-- feature -->
        <test-method is-config="true" signature="tearDownClass()[pri:0, instance:TestRunner.TestRunner@53aac487]" started-at="2021-08-30T15:29:30 IST" name="tearDownClass" finished-at="2021-08-30T15:29:30 IST" duration-ms="5" status="PASS">
          <reporter-output>
          </reporter-output>
        </test-method> <!-- tearDownClass -->
      </class> <!-- TestRunner.TestRunner -->
    </test> <!-- Automation Test Report -->
  </suite> <!-- Automation Test Report -->
</testng-results>
